<!DOCTYPE html PUBLIC "-//W3C//DTD XHTML 1.1//EN" "https://www.w3.org/TR/xhtml11/DTD/xhtml11.dtd">
<html xmlns="https://www.w3.org/1999/xhtml">
<head>
<meta charset='utf-8'>
<title>TestNG Report</title>
<style type="text/css">
table {margin-bottom:10px;border-collapse:collapse;empty-cells:show}
td,th {border:1px solid #009;padding:.25em .5em}
.result th {vertical-align:bottom}
.param th {padding-left:1em;padding-right:1em}
.param td {padding-left:.5em;padding-right:2em}
.stripe td,.stripe th {background-color: #E6EBF9}
.numi,.numi_attn {text-align:right}
.total td {font-weight:bold}
.passedodd td {background-color: #0A0}
.passedeven td {background-color: #3F3}
.skippedodd td {background-color: #CCC}
.skippedodd td {background-color: #DDD}
.failedodd td,.numi_attn {background-color: #F33}
.failedeven td,.stripe .numi_attn {background-color: #D00}
.stacktrace {white-space:pre;font-family:monospace}
.totop {font-size:85%;text-align:center;border-bottom:2px solid #000}
</style>
</head>
<body>
<table cellspacing="0" cellpadding="0" class="testOverview">
<tr><th>Test</th><th>Methods<br/>Passed</th><th>Scenarios<br/>Passed</th><th># skipped</th><th># failed</th><th>Total<br/>Time</th><th>Included<br/>Groups</th><th>Excluded<br/>Groups</th></tr>
<tr><td style="text-align:left;padding-right:2em"><a href="#t1">Test</a></td><td class="numi">32</td><td class="numi">32</td><td class="numi_attn">1</td><td class="numi_attn">7</td><td class="numi">3.2 seconds</td><td class="numi"></td><td class="numi"></td></tr>
</table>
<table cellspacing="0" cellpadding="0" class="methodOverview" id="summary">
<tr><th>Class</th><th>Method</th><th># of<br/>Scenarios</th><th>Start</th><th>Time<br/>(ms)</th></tr>
<tr id="t1"><th colspan="5">Test &#8212; failed</th></tr>
<tr class="failedodd"><td>cwtest.tests.Day14.C08_HardSoftasserts</td><td><a href="#m1"><b>hard</b>  </a></td><td class="numi">1</td><td>1683745130273</td><td class="numi">3</td></tr>
<tr class="failedeven"><td>cwtest.tests.Day17.C01_DriverClass</td><td><a href="#m2"><b>test01</b>  </a></td><td class="numi">1</td><td>1683745127170</td><td class="numi">1989</td></tr>
<tr class="failedodd"><td>cwtest.tests.Day14.C03_DependsOn</td><td><a href="#m3"><b>test02</b>  </a></td><td class="numi">1</td><td>1683745129187</td><td class="numi">1</td></tr>
<tr class="failedeven"><td>cwtest.tests.Day14.C05_TImeouts</td><td><a href="#m4"><b>test01</b>  </a></td><td class="numi">1</td><td>1683745129252</td><td class="numi">1014</td></tr>
<tr class="failedodd"><td>cwtest.tests.Day14.C08_HardSoftasserts</td><td><a href="#m5"><b>soft</b>  </a></td><td class="numi">1</td><td>1683745130277</td><td class="numi">4</td></tr>
<tr class="failedeven"><td rowspan="2">cwtest.tests.Day16.C01_Parameters</td><td><a href="#m6"><b>parameterizedSec</b>  </a></td><td class="numi">1</td><td>1683745127167</td><td class="numi">0</td></tr><tr class="failedeven"><td><a href="#m7"><b>parameterized</b>  </a></td><td class="numi">1</td><td>1683745127160</td><td class="numi">0</td></tr>
<tr><th colspan="5">Test &#8212; skipped</th></tr>
<tr class="skippedodd"><td>cwtest.tests.Day14.C03_DependsOn</td><td><a href="#m8"><b>test01</b>  </a></td><td class="numi">1</td><td>1683745129192</td><td class="numi">0</td></tr>
<tr><th colspan="5">Test &#8212; passed</th></tr>
<tr class="passedodd"><td>cwtest.tests.Day17.C02_ParallelExecution</td><td><a href="#m9"><b>test02</b>  </a></td><td class="numi">1</td><td>1683745129170</td><td class="numi">0</td></tr>
<tr class="passedeven"><td>cwtest.tests.Day14.C02_Priotriy</td><td><a href="#m10"><b>testC</b>  </a></td><td class="numi">1</td><td>1683745129161</td><td class="numi">0</td></tr>
<tr class="passedodd"><td>cwtest.tests.Day17.C03_ParallelTestMethod</td><td><a href="#m11"><b>test01</b>  </a></td><td class="numi">10</td><td>1683745129235</td><td class="numi">13</td></tr>
<tr class="passedeven"><td>cwtest.tests.Day17.C02_ParallelExecution</td><td><a href="#m12"><b>test01</b>  </a></td><td class="numi">1</td><td>1683745129164</td><td class="numi">5</td></tr>
<tr class="passedodd"><td rowspan="2">cwtest.tests.Day17.C03_ParallelTestMethod</td><td><a href="#m13"><b>test01</b>  </a></td><td class="numi">10</td><td>1683745129235</td><td class="numi">13</td></tr><tr class="passedodd"><td><a href="#m14"><b>test01</b>  </a></td><td class="numi">10</td><td>1683745129235</td><td class="numi">13</td></tr>
<tr class="passedeven"><td>cwtest.tests.Day14.C05_TImeouts</td><td><a href="#m15"><b>test03</b>  </a></td><td class="numi">1</td><td>1683745130269</td><td class="numi">2</td></tr>
<tr class="passedodd"><td rowspan="2">cwtest.tests.Day17.C03_ParallelTestMethod</td><td><a href="#m16"><b>test01</b>  </a></td><td class="numi">10</td><td>1683745129235</td><td class="numi">13</td></tr><tr class="passedodd"><td><a href="#m17"><b>test01</b>  </a></td><td class="numi">10</td><td>1683745129235</td><td class="numi">13</td></tr>
<tr class="passedeven"><td>cwtest.tests.Day16.Data_Provider</td><td><a href="#m18"><b>test01</b>  </a></td><td class="numi">5</td><td>1683745129199</td><td class="numi">7</td></tr>
<tr class="passedodd"><td>cwtest.tests.Day17.C03_ParallelTestMethod</td><td><a href="#m19"><b>test01</b>  </a></td><td class="numi">10</td><td>1683745129235</td><td class="numi">13</td></tr>
<tr class="passedeven"><td>cwtest.tests.Day17.C02_ParallelExecution</td><td><a href="#m20"><b>test05</b>  </a></td><td class="numi">1</td><td>1683745129174</td><td class="numi">1</td></tr>
<tr class="passedodd"><td rowspan="2">cwtest.tests.Day17.C03_ParallelTestMethod</td><td><a href="#m21"><b>test01</b>  </a></td><td class="numi">10</td><td>1683745129235</td><td class="numi">13</td></tr><tr class="passedodd"><td><a href="#m22"><b>test01</b>  </a></td><td class="numi">10</td><td>1683745129235</td><td class="numi">13</td></tr>
<tr class="passedeven"><td>cwtest.tests.Day14.C03_DependsOn</td><td><a href="#m23"><b>test03</b>  </a></td><td class="numi">1</td><td>1683745129193</td><td class="numi">0</td></tr>
<tr class="passedodd"><td>cwtest.tests.Day17.C02_ParallelExecution</td><td><a href="#m24"><b>test04</b>  </a></td><td class="numi">1</td><td>1683745129173</td><td class="numi">0</td></tr>
<tr class="passedeven"><td>cwtest.tests.Day16.Data_Provider</td><td><a href="#m25"><b>test01</b>  </a></td><td class="numi">5</td><td>1683745129199</td><td class="numi">7</td></tr>
<tr class="passedodd"><td rowspan="2">cwtest.tests.Day18.C02_Test</td><td><a href="#m26"><b>succes</b>  </a></td><td class="numi">1</td><td>1683745129182</td><td class="numi">4</td></tr><tr class="passedodd"><td><a href="#m27"><b>fail</b>  </a></td><td class="numi">1</td><td>1683745129178</td><td class="numi">1</td></tr>
<tr class="passedeven"><td>cwtest.tests.Day14.C02_Priotriy</td><td><a href="#m28"><b>testA</b>  </a></td><td class="numi">1</td><td>1683745129163</td><td class="numi">1</td></tr>
<tr class="passedodd"><td>cwtest.tests.Day16.Data_Provider</td><td><a href="#m29"><b>test01</b>  </a></td><td class="numi">5</td><td>1683745129199</td><td class="numi">7</td></tr>
<tr class="passedeven"><td>cwtest.tests.Day14.C04_Enabled</td><td><a href="#m30"><b>test02</b>  </a></td><td class="numi">1</td><td>1683745129250</td><td class="numi">1</td></tr>
<tr class="passedodd"><td>cwtest.tests.Day15.C01_Groups</td><td><a href="#m31"><b>smokeTest</b> (smoke) </a></td><td class="numi">1</td><td>1683745127150</td><td class="numi">1</td></tr>
<tr class="passedeven"><td>cwtest.tests.Day14.C02_Priotriy</td><td><a href="#m32"><b>testB</b>  </a></td><td class="numi">1</td><td>1683745129162</td><td class="numi">0</td></tr>
<tr class="passedodd"><td>cwtest.tests.Day17.C02_ParallelExecution</td><td><a href="#m33"><b>test03</b>  </a></td><td class="numi">1</td><td>1683745129171</td><td class="numi">1</td></tr>
<tr class="passedeven"><td>cwtest.tests.Day16.Data_Provider</td><td><a href="#m34"><b>test01</b>  </a></td><td class="numi">5</td><td>1683745129199</td><td class="numi">7</td></tr>
<tr class="passedodd"><td>cwtest.tests.Day15.C01_Groups</td><td><a href="#m35"><b>regressionTest</b> (regression) </a></td><td class="numi">1</td><td>1683745127132</td><td class="numi">1</td></tr>
<tr class="passedeven"><td>cwtest.tests.Day17.C03_ParallelTestMethod</td><td><a href="#m36"><b>test01</b>  </a></td><td class="numi">10</td><td>1683745129235</td><td class="numi">13</td></tr>
<tr class="passedodd"><td>cwtest.tests.Day14.C05_TImeouts</td><td><a href="#m37"><b>test02</b>  </a></td><td class="numi">1</td><td>1683745130267</td><td class="numi">1</td></tr>
<tr class="passedeven"><td>cwtest.tests.Day16.Data_Provider</td><td><a href="#m38"><b>test01</b>  </a></td><td class="numi">5</td><td>1683745129199</td><td class="numi">7</td></tr>
<tr class="passedodd"><td>cwtest.tests.Day15.C01_Groups</td><td><a href="#m39"><b>smokeRegressionTest</b> (regression, smoke) </a></td><td class="numi">1</td><td>1683745127146</td><td class="numi">1</td></tr>
<tr class="passedeven"><td>cwtest.tests.Day17.C03_ParallelTestMethod</td><td><a href="#m40"><b>test01</b>  </a></td><td class="numi">10</td><td>1683745129235</td><td class="numi">13</td></tr>
</table>
<h1>Test</h1>
<h2 id="m1">cwtest.tests.Day16.C01_Parameters:parameterizedSec</h2>
<div>
<div class="stacktrace">org.testng.TestNGException: 
Parameter &apos;Name&apos; is required by @Test on method parameterizedSec but has not been marked @Optional or defined
in C:\Users\830-G7\Desktop\TestNg\src\test\java\cwtest\tests\Day18\Listener.xml
	at java.base/java.util.ArrayList.forEach(ArrayList.java:1511)
	at com.intellij.rt.testng.IDEARemoteTestNG.run(IDEARemoteTestNG.java:66)
	at com.intellij.rt.testng.RemoteTestNGStarter.main(RemoteTestNGStarter.java:109)
... Removed 23 stack frames</div>
</div>
<p class="totop"><a href="#summary">back to summary</a></p>
<h2 id="m2">cwtest.tests.Day14.C08_HardSoftasserts:hard</h2>
<div>
<div class="stacktrace">java.lang.AssertionError: expected [2] but found [1]
	at cwtest.tests.Day14.C08_HardSoftasserts.hard(C08_HardSoftasserts.java:14)
	at java.base/java.util.ArrayList.forEach(ArrayList.java:1511)
	at com.intellij.rt.testng.IDEARemoteTestNG.run(IDEARemoteTestNG.java:66)
	at com.intellij.rt.testng.RemoteTestNGStarter.main(RemoteTestNGStarter.java:109)
... Removed 29 stack frames</div>
</div>
<p class="totop"><a href="#summary">back to summary</a></p>
<h2 id="m3">cwtest.tests.Day14.C03_DependsOn:test02</h2>
<div>
<div class="stacktrace">java.lang.AssertionError: null
	at cwtest.tests.Day14.C03_DependsOn.test02(C03_DependsOn.java:16)
	at java.base/java.util.ArrayList.forEach(ArrayList.java:1511)
	at com.intellij.rt.testng.IDEARemoteTestNG.run(IDEARemoteTestNG.java:66)
	at com.intellij.rt.testng.RemoteTestNGStarter.main(RemoteTestNGStarter.java:109)
... Removed 24 stack frames</div>
</div>
<p class="totop"><a href="#summary">back to summary</a></p>
<h2 id="m4">cwtest.tests.Day16.C01_Parameters:parameterized</h2>
<div>
<div class="stacktrace">org.testng.TestNGException: 
Parameter &apos;Name&apos; is required by @Test on method parameterized but has not been marked @Optional or defined
in C:\Users\830-G7\Desktop\TestNg\src\test\java\cwtest\tests\Day18\Listener.xml
	at java.base/java.util.ArrayList.forEach(ArrayList.java:1511)
	at com.intellij.rt.testng.IDEARemoteTestNG.run(IDEARemoteTestNG.java:66)
	at com.intellij.rt.testng.RemoteTestNGStarter.main(RemoteTestNGStarter.java:109)
... Removed 23 stack frames</div>
</div>
<p class="totop"><a href="#summary">back to summary</a></p>
<h2 id="m5">cwtest.tests.Day14.C05_TImeouts:test01</h2>
<div>
<div class="stacktrace">org.testng.internal.thread.ThreadTimeoutException: Method cwtest.tests.Day14.C05_TImeouts.test01() didn&apos;t finish within the time-out 1000
	at java.base/java.lang.Thread.sleep0(Native Method)
	at java.base/java.lang.Thread.sleep(Thread.java:465)
	at cwtest.tests.Day14.C05_TImeouts.test01(C05_TImeouts.java:12)
	at java.base/java.util.concurrent.FutureTask.run(FutureTask.java:317)
	at java.base/java.util.concurrent.ThreadPoolExecutor.runWorker(ThreadPoolExecutor.java:1144)
	at java.base/java.util.concurrent.ThreadPoolExecutor$Worker.run(ThreadPoolExecutor.java:642)
	at java.base/java.lang.Thread.run(Thread.java:1589)
... Removed 6 stack frames</div>
</div>
<p class="totop"><a href="#summary">back to summary</a></p>
<h2 id="m6">cwtest.tests.Day14.C08_HardSoftasserts:soft</h2>
<div>
<div class="stacktrace">java.lang.AssertionError: The following asserts failed:
	expected [2] but found [1],
	expected [3] but found [2]
	at cwtest.tests.Day14.C08_HardSoftasserts.soft(C08_HardSoftasserts.java:31)
	at java.base/java.util.ArrayList.forEach(ArrayList.java:1511)
	at com.intellij.rt.testng.IDEARemoteTestNG.run(IDEARemoteTestNG.java:66)
	at com.intellij.rt.testng.RemoteTestNGStarter.main(RemoteTestNGStarter.java:109)
... Removed 24 stack frames</div>
</div>
<p class="totop"><a href="#summary">back to summary</a></p>
<h2 id="m7">cwtest.tests.Day17.C01_DriverClass:test01</h2>
<div>
<div class="stacktrace">org.openqa.selenium.SessionNotCreatedException: Could not start a new session. Response code 500. Message: session not created: This version of ChromeDriver only supports Chrome version 108
Current browser version is 112.0.5615.138 with binary path C:\Program Files\Google\Chrome\Application\chrome.exe 
Host info: host: &apos;DESKTOP-9MFIFQO&apos;, ip: &apos;192.168.1.21&apos;
Build info: version: &apos;4.9.0&apos;, revision: &apos;d7057100a6&apos;
System info: os.name: &apos;Windows 10&apos;, os.arch: &apos;amd64&apos;, os.version: &apos;10.0&apos;, java.version: &apos;19.0.2&apos;
Driver info: org.openqa.selenium.chrome.ChromeDriver
Command: [null, newSession {capabilities=[Capabilities {browserName: chrome, goog:chromeOptions: {args: [--remote-allow-origins=*], extensions: []}}]}]
	at org.openqa.selenium.remote.ProtocolHandshake.createSession(ProtocolHandshake.java:136)
	at org.openqa.selenium.remote.ProtocolHandshake.createSession(ProtocolHandshake.java:94)
	at org.openqa.selenium.remote.ProtocolHandshake.createSession(ProtocolHandshake.java:68)
	at org.openqa.selenium.remote.HttpCommandExecutor.execute(HttpCommandExecutor.java:165)
	at org.openqa.selenium.remote.service.DriverCommandExecutor.invokeExecute(DriverCommandExecutor.java:183)
	at org.openqa.selenium.remote.service.DriverCommandExecutor.execute(DriverCommandExecutor.java:158)
	at org.openqa.selenium.remote.RemoteWebDriver.execute(RemoteWebDriver.java:543)
	at org.openqa.selenium.remote.RemoteWebDriver.startSession(RemoteWebDriver.java:229)
	at org.openqa.selenium.remote.RemoteWebDriver.&lt;init&gt;(RemoteWebDriver.java:157)
	at org.openqa.selenium.chromium.ChromiumDriver.&lt;init&gt;(ChromiumDriver.java:101)
	at org.openqa.selenium.chrome.ChromeDriver.&lt;init&gt;(ChromeDriver.java:88)
	at org.openqa.selenium.chrome.ChromeDriver.&lt;init&gt;(ChromeDriver.java:84)
	at org.openqa.selenium.chrome.ChromeDriver.&lt;init&gt;(ChromeDriver.java:52)
	at cwtest.utilities.Driver.getDriver(Driver.java:15)
	at cwtest.tests.Day17.C01_DriverClass.test01(C01_DriverClass.java:11)
	at java.base/java.util.ArrayList.forEach(ArrayList.java:1511)
	at com.intellij.rt.testng.IDEARemoteTestNG.run(IDEARemoteTestNG.java:66)
	at com.intellij.rt.testng.RemoteTestNGStarter.main(RemoteTestNGStarter.java:109)
... Removed 22 stack frames</div>
</div>
<p class="totop"><a href="#summary">back to summary</a></p>
<h2 id="m8">cwtest.tests.Day14.C03_DependsOn:test01</h2>
<div>
<div class="stacktrace">java.lang.Throwable: Method cwtest.tests.Day14.C03_DependsOn.test01() on instance cwtest.tests.Day14.C03_DependsOn@5223e5ee depends on not successfully finished methods 
[cwtest.tests.Day14.C03_DependsOn.test02() on instance cwtest.tests.Day14.C03_DependsOn@5223e5ee]
	at java.base/java.util.ArrayList.forEach(ArrayList.java:1511)
	at com.intellij.rt.testng.IDEARemoteTestNG.run(IDEARemoteTestNG.java:66)
	at com.intellij.rt.testng.RemoteTestNGStarter.main(RemoteTestNGStarter.java:109)
... Removed 15 stack frames</div>
</div>
<p class="totop"><a href="#summary">back to summary</a></p>
<h2 id="m9">cwtest.tests.Day17.C02_ParallelExecution:test02</h2>
<p class="totop"><a href="#summary">back to summary</a></p>
<h2 id="m10">cwtest.tests.Day14.C02_Priotriy:testC</h2>
<p class="totop"><a href="#summary">back to summary</a></p>
<h2 id="m11">cwtest.tests.Day17.C03_ParallelTestMethod:test01</h2>
<p class="totop"><a href="#summary">back to summary</a></p>
<h2 id="m12">cwtest.tests.Day17.C02_ParallelExecution:test01</h2>
<p class="totop"><a href="#summary">back to summary</a></p>
<h2 id="m13">cwtest.tests.Day17.C03_ParallelTestMethod:test01</h2>
<p class="totop"><a href="#summary">back to summary</a></p>
<h2 id="m14">cwtest.tests.Day17.C03_ParallelTestMethod:test01</h2>
<p class="totop"><a href="#summary">back to summary</a></p>
<h2 id="m15">cwtest.tests.Day14.C05_TImeouts:test03</h2>
<p class="totop"><a href="#summary">back to summary</a></p>
<h2 id="m16">cwtest.tests.Day17.C03_ParallelTestMethod:test01</h2>
<p class="totop"><a href="#summary">back to summary</a></p>
<h2 id="m17">cwtest.tests.Day17.C03_ParallelTestMethod:test01</h2>
<p class="totop"><a href="#summary">back to summary</a></p>
<h2 id="m18">cwtest.tests.Day16.Data_Provider:test01</h2>
<table cellspacing="0" cellpadding="0" class="result">
<tr class="param"><th>Parameter #1</th><th>Parameter #2</th><th>Parameter #3</th></tr>
<tr class="param stripe"><td>example@example.com</td>
<td>Aa1.</td>
<td>20 harften harften kisa</td>
</tr>
</table>
<p class="totop"><a href="#summary">back to summary</a></p>
<h2 id="m19">cwtest.tests.Day17.C03_ParallelTestMethod:test01</h2>
<p class="totop"><a href="#summary">back to summary</a></p>
<h2 id="m20">cwtest.tests.Day17.C02_ParallelExecution:test05</h2>
<p class="totop"><a href="#summary">back to summary</a></p>
<h2 id="m21">cwtest.tests.Day17.C03_ParallelTestMethod:test01</h2>
<p class="totop"><a href="#summary">back to summary</a></p>
<h2 id="m22">cwtest.tests.Day17.C03_ParallelTestMethod:test01</h2>
<p class="totop"><a href="#summary">back to summary</a></p>
<h2 id="m23">cwtest.tests.Day14.C03_DependsOn:test03</h2>
<p class="totop"><a href="#summary">back to summary</a></p>
<h2 id="m24">cwtest.tests.Day17.C02_ParallelExecution:test04</h2>
<p class="totop"><a href="#summary">back to summary</a></p>
<h2 id="m25">cwtest.tests.Day16.Data_Provider:test01</h2>
<table cellspacing="0" cellpadding="0" class="result">
<tr class="param"><th>Parameter #1</th><th>Parameter #2</th><th>Parameter #3</th></tr>
<tr class="param stripe"><td>example@example.com</td>
<td>Aa1.</td>
<td>20 harften harften kisa</td>
</tr>
</table>
<p class="totop"><a href="#summary">back to summary</a></p>
<h2 id="m26">cwtest.tests.Day18.C02_Test:succes</h2>
<table cellspacing="0" cellpadding="0" class="result">
<tr class="param"><th>Parameter #1</th></tr>
<tr class="param stripe"><td>org.testng.TestRunner@5dbf5634</td>
</tr>
</table>
<p class="totop"><a href="#summary">back to summary</a></p>
<h2 id="m27">cwtest.tests.Day18.C02_Test:fail</h2>
<table cellspacing="0" cellpadding="0" class="result">
<tr class="param"><th>Parameter #1</th></tr>
<tr class="param stripe"><td>org.testng.TestRunner@5dbf5634</td>
</tr>
</table>
<p class="totop"><a href="#summary">back to summary</a></p>
<h2 id="m28">cwtest.tests.Day14.C02_Priotriy:testA</h2>
<p class="totop"><a href="#summary">back to summary</a></p>
<h2 id="m29">cwtest.tests.Day16.Data_Provider:test01</h2>
<table cellspacing="0" cellpadding="0" class="result">
<tr class="param"><th>Parameter #1</th><th>Parameter #2</th><th>Parameter #3</th></tr>
<tr class="param stripe"><td>example@example.com</td>
<td>Aa1.</td>
<td>20 harften harften kisa</td>
</tr>
</table>
<p class="totop"><a href="#summary">back to summary</a></p>
<h2 id="m30">cwtest.tests.Day14.C04_Enabled:test02</h2>
<p class="totop"><a href="#summary">back to summary</a></p>
<h2 id="m31">cwtest.tests.Day15.C01_Groups:smokeTest</h2>
<p class="totop"><a href="#summary">back to summary</a></p>
<h2 id="m32">cwtest.tests.Day14.C02_Priotriy:testB</h2>
<p class="totop"><a href="#summary">back to summary</a></p>
<h2 id="m33">cwtest.tests.Day17.C02_ParallelExecution:test03</h2>
<p class="totop"><a href="#summary">back to summary</a></p>
<h2 id="m34">cwtest.tests.Day16.Data_Provider:test01</h2>
<table cellspacing="0" cellpadding="0" class="result">
<tr class="param"><th>Parameter #1</th><th>Parameter #2</th><th>Parameter #3</th></tr>
<tr class="param stripe"><td>example@example.com</td>
<td>Aa1.</td>
<td>6 harften kisa</td>
</tr>
</table>
<p class="totop"><a href="#summary">back to summary</a></p>
<h2 id="m35">cwtest.tests.Day15.C01_Groups:regressionTest</h2>
<p class="totop"><a href="#summary">back to summary</a></p>
<h2 id="m36">cwtest.tests.Day17.C03_ParallelTestMethod:test01</h2>
<p class="totop"><a href="#summary">back to summary</a></p>
<h2 id="m37">cwtest.tests.Day14.C05_TImeouts:test02</h2>
<p class="totop"><a href="#summary">back to summary</a></p>
<h2 id="m38">cwtest.tests.Day16.Data_Provider:test01</h2>
<table cellspacing="0" cellpadding="0" class="result">
<tr class="param"><th>Parameter #1</th><th>Parameter #2</th><th>Parameter #3</th></tr>
<tr class="param stripe"><td>example@example.com</td>
<td>Aa1.</td>
<td>6 harften kisa</td>
</tr>
</table>
<p class="totop"><a href="#summary">back to summary</a></p>
<h2 id="m39">cwtest.tests.Day15.C01_Groups:smokeRegressionTest</h2>
<p class="totop"><a href="#summary">back to summary</a></p>
<h2 id="m40">cwtest.tests.Day17.C03_ParallelTestMethod:test01</h2>
<p class="totop"><a href="#summary">back to summary</a></p>
</body></html>
